<?xml version="1.0" encoding="UTF-8"?>
<testng-results ignored="0" total="1" passed="1" failed="0" skipped="0">
  <reporter-output>
  </reporter-output>
  <suite started-at="2021-08-07T11:46:02 IST" name="Default suite" finished-at="2021-08-07T11:46:02 IST" duration-ms="63">
    <groups>
    </groups>
    <test started-at="2021-08-07T11:46:02 IST" name="Default test" finished-at="2021-08-07T11:46:02 IST" duration-ms="63">
      <class name="SampleTestNG">
        <test-method signature="test()[pri:0, instance:SampleTestNG@3e6ef8ad]" started-at="2021-08-07T11:46:02 IST" name="test" finished-at="2021-08-07T11:46:02 IST" duration-ms="12" status="PASS">
          <reporter-output>
          </reporter-output>
        </test-method> <!-- test -->
      </class> <!-- SampleTestNG -->
    </test> <!-- Default test -->
  </suite> <!-- Default suite -->
</testng-results>
